<?xml version="1.0" encoding="utf-8"?><testsuites name="pytest tests"><testsuite name="pytest" errors="0" failures="0" skipped="0" tests="8" time="0.683" timestamp="2026-07-20T06:35:22.903371+00:00" hostname="agent-env-71557d54-7576-4852-8218-04106137edab"><testcase classname="tests.test_iter9_pdf_and_secondo_motore.TestReportPagamentiPdf" name="test_pdf_tutti" time="0.019" /><testcase classname="tests.test_iter9_pdf_and_secondo_motore.TestReportPagamentiPdf" name="test_pdf_pagati" time="0.049" /><testcase classname="tests.test_iter9_pdf_and_secondo_motore.TestReportPagamentiPdf" name="test_pdf_non_pagati" time="0.048" /><testcase classname="tests.test_iter9_pdf_and_secondo_motore.TestReportPagamentiPdf" name="test_pdf_stato_invalido" time="0.042" /><testcase classname="tests.test_iter9_pdf_and_secondo_motore.TestCalcolaCostiSecondoMotore" name="test_secondo_motore_ricambi_2_no_girante" time="0.043" /><testcase classname="tests.test_iter9_pdf_and_secondo_motore.TestClienteSecondoMotore" name="test_create_persists_motore_2" time="0.086" /><testcase classname="tests.test_iter9_pdf_and_secondo_motore.TestPutClientePreservesBooleans" name="test_put_only_nome_preserves_girante2_and_pagato" time="0.173" /><testcase classname="tests.test_iter9_pdf_and_secondo_motore.TestPreventivoPdfDueMotori" name="test_preventivo_pdf_secondo_motore" time="0.181" /></testsuite></testsuites>