<?xml version="1.0" encoding="utf-8"?><testsuites name="pytest tests"><testsuite name="pytest" errors="0" failures="1" skipped="0" tests="10" time="1.759" timestamp="2026-07-20T05:45:05.257125+00:00" hostname="agent-env-71557d54-7576-4852-8218-04106137edab"><testcase classname="tests.test_pagamenti_and_new_fields" name="test_create_cliente_with_new_anagrafica_fields" time="0.314" /><testcase classname="tests.test_pagamenti_and_new_fields" name="test_backwards_compat_no_new_fields" time="0.045" /><testcase classname="tests.test_pagamenti_and_new_fields" name="test_calcola_costi_secondo_motore_doubles_motor_cost" time="0.086" /><testcase classname="tests.test_pagamenti_and_new_fields" name="test_create_cliente_with_secondo_motore" time="0.086" /><testcase classname="tests.test_pagamenti_and_new_fields" name="test_patch_pagato_sets_true_and_date" time="0.130" /><testcase classname="tests.test_pagamenti_and_new_fields" name="test_patch_pagato_false_clears_date" time="0.172" /><testcase classname="tests.test_pagamenti_and_new_fields" name="test_patch_pagato_404" time="0.043" /><testcase classname="tests.test_pagamenti_and_new_fields" name="test_put_cliente_preserves_pagato" time="0.174"><failure message="AssertionError: pagato was NOT preserved after PUT: got={'id': '90603298-f622-4883-907f-bfa519eab381', 'nome': 'TEST_Preserve', 'cognome': 'TEST_Pay', 'tipo_barca': 'Gommone', 'lunghezza': 6.5, 'tipo_sosta': 'dentro', 'anno': 2026, 'posto_barca': None, 'telefono': '', 'email': '', 'codice_fiscale': '', 'indirizzo': '', 'cellulare': '', 'pagato': False, 'data_pagamento': '2026-07-20', 'potenza_motore': 0.0, 'litri_olio_motore': 3.0, 'numero_candele': 4, 'numero_termostati': 1, 'secondo_motore': False, 'potenza_motore_2': 0.0, 'litri_olio_motore_2': 3.0, 'numero_candele_2': 4, 'numero_termostati_2': 1, 'antivegetativa_attiva': True, 'girante_attivo': True, 'lavaggio_inizio_attivo': True, 'lavaggio_fine_attivo': True, 'costo_sosta': 1170.0, 'costo_copertura': 0.0, 'costo_alaggio': 0.0, 'costo_varo': 0.0, 'costo_antivegetativa': 390.0, 'costo_manutenzione_motore': 337.0, 'costo_lavaggio_inizio': 80.0, 'costo_lavaggio_fine': 80.0, 'costo_scafo_sporco': 0.0, 'costo_movimentazione': 0.0, 'costo_taccaggio': 0.0, 'costo_ricambi_totale': 337.0, 'costo_manodopera_motore': 0.0, 'override_costi': False, 'note_lavori': '', 'scadenza_antivegetativa': None, 'scadenza_manutenzione': None, 'created_at': '2026-07-20T05:45:06.178828Z', 'updated_at': '2026-07-20T05:45:06.265184Z'}&#10;assert False is True">backend/tests/test_pagamenti_and_new_fields.py:218: in test_put_cliente_preserves_pagato
    assert got["pagato"] is True, f"pagato was NOT preserved after PUT: got={got}"
E   AssertionError: pagato was NOT preserved after PUT: got={'id': '90603298-f622-4883-907f-bfa519eab381', 'nome': 'TEST_Preserve', 'cognome': 'TEST_Pay', 'tipo_barca': 'Gommone', 'lunghezza': 6.5, 'tipo_sosta': 'dentro', 'anno': 2026, 'posto_barca': None, 'telefono': '', 'email': '', 'codice_fiscale': '', 'indirizzo': '', 'cellulare': '', 'pagato': False, 'data_pagamento': '2026-07-20', 'potenza_motore': 0.0, 'litri_olio_motore': 3.0, 'numero_candele': 4, 'numero_termostati': 1, 'secondo_motore': False, 'potenza_motore_2': 0.0, 'litri_olio_motore_2': 3.0, 'numero_candele_2': 4, 'numero_termostati_2': 1, 'antivegetativa_attiva': True, 'girante_attivo': True, 'lavaggio_inizio_attivo': True, 'lavaggio_fine_attivo': True, 'costo_sosta': 1170.0, 'costo_copertura': 0.0, 'costo_alaggio': 0.0, 'costo_varo': 0.0, 'costo_antivegetativa': 390.0, 'costo_manutenzione_motore': 337.0, 'costo_lavaggio_inizio': 80.0, 'costo_lavaggio_fine': 80.0, 'costo_scafo_sporco': 0.0, 'costo_movimentazione': 0.0, 'costo_taccaggio': 0.0, 'costo_ricambi_totale': 337.0, 'costo_manodopera_motore': 0.0, 'override_costi': False, 'note_lavori': '', 'scadenza_antivegetativa': None, 'scadenza_manutenzione': None, 'created_at': '2026-07-20T05:45:06.178828Z', 'updated_at': '2026-07-20T05:45:06.265184Z'}
E   assert False is True</failure></testcase><testcase classname="tests.test_pagamenti_and_new_fields" name="test_report_pagamenti_returns_shape_and_sums" time="0.173" /><testcase classname="tests.test_pagamenti_and_new_fields" name="test_report_pagamenti_year_isolation" time="0.475" /></testsuite></testsuites>