<?xml version="1.0" encoding="utf-8"?><testsuites name="pytest tests"><testsuite name="pytest" errors="0" failures="0" skipped="0" tests="47" time="2.600" timestamp="2026-07-18T19:48:46.888302+00:00" hostname="agent-env-71557d54-7576-4852-8218-04106137edab"><testcase classname="tests.test_lavori_pdf.TestLavori" name="test_create_lavoro" time="0.054" /><testcase classname="tests.test_tariffe_motore.TestTariffeAndMotore" name="test_tariffe_has_all_fields_incl_new" time="0.054" /><testcase classname="tests.test_lavori_pdf.TestLavori" name="test_create_second_lavoro" time="0.044" /><testcase classname="tests.test_tariffe_motore.TestTariffeAndMotore" name="test_put_tariffe_updates_new_fields_persist" time="0.131" /><testcase classname="tests.test_lavori_pdf.TestLavori" name="test_list_lavori_sorted_desc" time="0.043" /><testcase classname="tests.test_lavori_pdf.TestLavori" name="test_create_invalid_stato" time="0.042" /><testcase classname="tests.test_lavori_pdf.TestLavori" name="test_create_nonexistent_cliente" time="0.043" /><testcase classname="tests.test_lavori_pdf.TestLavori" name="test_update_lavoro" time="0.087" /><testcase classname="tests.test_tariffe_motore.TestTariffeAndMotore" name="test_calcola_costi_ricambi_dettaglio_9_items" time="0.088" /><testcase classname="tests.test_lavori_pdf.TestLavori" name="test_delete_lavoro" time="0.086" /><testcase classname="tests.test_tariffe_motore.TestTariffeAndMotore" name="test_antivegetativa_disabled_zeroes_cost" time="0.086" /><testcase classname="tests.test_lavori_pdf.TestLavori" name="test_delete_nonexistent_lavoro" time="0.043" /><testcase classname="tests.test_tariffe_motore.TestTariffeAndMotore" name="test_antivegetativa_enabled_computes_cost" time="0.086" /><testcase classname="tests.test_lavori_pdf.TestRegression" name="test_root" time="0.042" /><testcase classname="tests.test_lavori_pdf.TestRegression" name="test_stats" time="0.043" /><testcase classname="tests.test_tariffe_motore.TestTariffeAndMotore" name="test_girante_disabled_zeroes_girante_and_drops_total_by_45" time="0.086" /><testcase classname="tests.test_lavori_pdf.TestRegression" name="test_tariffe_get" time="0.044" /><testcase classname="tests.test_tariffe_motore.TestTariffeAndMotore" name="test_both_toggles_disabled" time="0.087" /><testcase classname="tests.test_lavori_pdf.TestRegression" name="test_clienti_list" time="0.043" /><testcase classname="tests.test_lavori_pdf.TestRegression" name="test_posti_barca" time="0.045" /><testcase classname="tests.test_tariffe_motore.TestTariffeAndMotore" name="test_create_cliente_with_toggles_off" time="0.203" /><testcase classname="tests.test_lavori_pdf.TestRegression" name="test_export_csv" time="0.049" /><testcase classname="tests.test_lavori_pdf.TestRegression" name="test_export_xlsx" time="0.233" /><testcase classname="tests.test_tariffe_motore.TestTariffeAndMotore" name="test_update_cliente_toggles_recomputes" time="0.217" /><testcase classname="tests.test_cantiere_fuori_sede.TestScafoSporcoAndLavaggi" name="test_antivegetativa_off_adds_scafo_sporco" time="0.046" /><testcase classname="tests.test_cantiere_fuori_sede.TestScafoSporcoAndLavaggi" name="test_antivegetativa_on_no_scafo_sporco" time="0.043" /><testcase classname="tests.test_cantiere_fuori_sede.TestScafoSporcoAndLavaggi" name="test_lavaggio_inizio_off" time="0.043" /><testcase classname="tests.test_cantiere_fuori_sede.TestScafoSporcoAndLavaggi" name="test_lavaggio_fine_off" time="0.044" /><testcase classname="tests.test_tariffe_motore.TestTariffeAndMotore" name="test_small_boat_forfait_and_low_hp" time="0.088" /><testcase classname="tests.test_cantiere_fuori_sede.TestScafoSporcoAndLavaggi" name="test_lavaggi_both_on_default" time="0.043" /><testcase classname="tests.test_cantiere_fuori_sede.TestCantiereEndpoint" name="test_get_cantiere_default_fields" time="0.043" /><testcase classname="tests.test_tariffe_motore.TestTariffeAndMotore" name="test_big_boat_and_high_hp" time="0.087" /><testcase classname="tests.test_cantiere_fuori_sede.TestCantiereEndpoint" name="test_put_cantiere_persists_fields" time="0.087" /><testcase classname="tests.test_tariffe_motore.TestTariffeAndMotore" name="test_zero_hp_no_manodopera" time="0.087" /><testcase classname="tests.test_cantiere_fuori_sede.TestCantiereEndpoint" name="test_put_cantiere_logo_base64" time="0.132" /><testcase classname="tests.test_tariffe_motore.TestTariffeAndMotore" name="test_pdf_over_3000_bytes_with_new_ricambi_rows" time="0.183" /><testcase classname="tests.test_cantiere_fuori_sede.TestCalcolaCostiFuoriSede" name="test_fuori_sede_only_movimentazione_taccaggio" time="0.043" /><testcase classname="tests.test_cantiere_fuori_sede.TestCalcolaCostiFuoriSede" name="test_dentro_no_movimentazione_taccaggio" time="0.043" /><testcase classname="tests.test_cantiere_fuori_sede.TestCalcolaCostiFuoriSede" name="test_fuori_no_movimentazione_taccaggio" time="0.043" /><testcase classname="tests.test_tariffe_motore.TestTariffeAndMotore" name="test_pdf_with_girante_off_still_valid" time="0.197" /><testcase classname="tests.test_lavori_pdf.TestPreventivoPdf" name="test_pdf_returns_valid" time="0.072" /><testcase classname="tests.test_lavori_pdf.TestPreventivoPdf" name="test_pdf_404_for_missing_cliente" time="0.129" /><testcase classname="tests.test_cantiere_fuori_sede.TestClienteFuoriSede" name="test_create_cliente_fuori_sede" time="0.132" /><testcase classname="tests.test_cantiere_fuori_sede.TestTariffeFuoriSedeLavaggi" name="test_tariffe_new_fields_defaults" time="0.046" /><testcase classname="tests.test_cantiere_fuori_sede.TestPDFCantiereBranding" name="test_pdf_uses_cantiere_nome_and_contatti" time="0.224" /><testcase classname="tests.test_cantiere_fuori_sede.TestClienteFuoriSede" name="test_create_cliente_invalid_tipo_sosta" time="0.042" /><testcase classname="tests.test_cantiere_fuori_sede.TestClienteFuoriSede" name="test_stats_returns_sosta_fuori_sede" time="0.130" /></testsuite></testsuites>