<?xml version="1.0" encoding="utf-8"?><testsuites name="pytest tests"><testsuite name="pytest" errors="0" failures="0" skipped="0" tests="16" time="1.295" timestamp="2026-07-18T19:47:32.504344+00:00" hostname="agent-env-71557d54-7576-4852-8218-04106137edab"><testcase classname="tests.test_cantiere_fuori_sede.TestCantiereEndpoint" name="test_get_cantiere_default_fields" time="0.053" /><testcase classname="tests.test_cantiere_fuori_sede.TestScafoSporcoAndLavaggi" name="test_antivegetativa_off_adds_scafo_sporco" time="0.053" /><testcase classname="tests.test_cantiere_fuori_sede.TestCantiereEndpoint" name="test_put_cantiere_persists_fields" time="0.087" /><testcase classname="tests.test_cantiere_fuori_sede.TestScafoSporcoAndLavaggi" name="test_antivegetativa_on_no_scafo_sporco" time="0.044" /><testcase classname="tests.test_cantiere_fuori_sede.TestScafoSporcoAndLavaggi" name="test_lavaggio_inizio_off" time="0.043" /><testcase classname="tests.test_cantiere_fuori_sede.TestCantiereEndpoint" name="test_put_cantiere_logo_base64" time="0.131" /><testcase classname="tests.test_cantiere_fuori_sede.TestScafoSporcoAndLavaggi" name="test_lavaggio_fine_off" time="0.043" /><testcase classname="tests.test_cantiere_fuori_sede.TestScafoSporcoAndLavaggi" name="test_lavaggi_both_on_default" time="0.043" /><testcase classname="tests.test_cantiere_fuori_sede.TestClienteFuoriSede" name="test_create_cliente_fuori_sede" time="0.130" /><testcase classname="tests.test_cantiere_fuori_sede.TestCalcolaCostiFuoriSede" name="test_fuori_sede_only_movimentazione_taccaggio" time="0.043" /><testcase classname="tests.test_cantiere_fuori_sede.TestCalcolaCostiFuoriSede" name="test_dentro_no_movimentazione_taccaggio" time="0.043" /><testcase classname="tests.test_cantiere_fuori_sede.TestCalcolaCostiFuoriSede" name="test_fuori_no_movimentazione_taccaggio" time="0.043" /><testcase classname="tests.test_cantiere_fuori_sede.TestClienteFuoriSede" name="test_create_cliente_invalid_tipo_sosta" time="0.042" /><testcase classname="tests.test_cantiere_fuori_sede.TestClienteFuoriSede" name="test_stats_returns_sosta_fuori_sede" time="0.130" /><testcase classname="tests.test_cantiere_fuori_sede.TestTariffeFuoriSedeLavaggi" name="test_tariffe_new_fields_defaults" time="0.043" /><testcase classname="tests.test_cantiere_fuori_sede.TestPDFCantiereBranding" name="test_pdf_uses_cantiere_nome_and_contatti" time="0.226" /></testsuite></testsuites>