<?xml version="1.0" encoding="utf-8"?><testsuites name="pytest tests"><testsuite name="pytest" errors="0" failures="0" skipped="0" tests="26" time="4.242" timestamp="2026-07-18T20:13:03.353292+00:00" hostname="agent-env-71557d54-7576-4852-8218-04106137edab"><testcase classname="tests.test_auth_and_bulk_pdf.TestUnauthenticated" name="test_get_clienti_without_auth_returns_401" time="0.230" /><testcase classname="tests.test_auth_and_bulk_pdf.TestUnauthenticated" name="test_get_stats_without_auth_returns_401" time="0.278" /><testcase classname="tests.test_auth_and_bulk_pdf.TestAuthMe" name="test_me_with_cookie_returns_user_no_hash" time="0.556" /><testcase classname="tests.test_auth_and_bulk_pdf.TestUnauthenticated" name="test_get_tariffe_without_auth_returns_401" time="0.053" /><testcase classname="tests.test_auth_and_bulk_pdf.TestAuthMe" name="test_clienti_with_cookie_returns_200" time="0.048" /><testcase classname="tests.test_auth_and_bulk_pdf.TestUnauthenticated" name="test_get_cantiere_without_auth_returns_401" time="0.050" /><testcase classname="tests.test_auth_and_bulk_pdf.TestUnauthenticated" name="test_get_posti_barca_without_auth_returns_401" time="0.054" /><testcase classname="tests.test_auth_and_bulk_pdf.TestUnauthenticated" name="test_get_export_zip_without_auth_returns_401" time="0.055" /><testcase classname="tests.test_auth_and_bulk_pdf.TestUnauthenticated" name="test_auth_me_without_auth_returns_401" time="0.255" /><testcase classname="tests.test_auth_and_bulk_pdf.TestLogin" name="test_login_success_returns_user_and_sets_cookie" time="0.348" /><testcase classname="tests.test_auth_and_bulk_pdf.TestAuthMe" name="test_clienti_with_bearer_token_returns_200" time="0.719" /><testcase classname="tests.test_auth_and_bulk_pdf.TestAuthMe" name="test_me_with_bearer_token_returns_200" time="0.124" /><testcase classname="tests.test_auth_and_bulk_pdf.TestLogin" name="test_login_wrong_password_returns_401" time="0.386" /><testcase classname="tests.test_auth_and_bulk_pdf.TestAuthMe" name="test_invalid_bearer_token_returns_401" time="0.267" /><testcase classname="tests.test_auth_and_bulk_pdf.TestLogin" name="test_login_nonexistent_email_returns_401" time="0.102" /><testcase classname="tests.test_auth_and_bulk_pdf.TestExistingProtectedEndpoints" name="test_stats_authed" time="0.049" /><testcase classname="tests.test_auth_and_bulk_pdf.TestExistingProtectedEndpoints" name="test_tariffe_authed" time="0.047" /><testcase classname="tests.test_auth_and_bulk_pdf.TestExistingProtectedEndpoints" name="test_cantiere_authed" time="0.050" /><testcase classname="tests.test_auth_and_bulk_pdf.TestLogin" name="test_login_case_insensitive_email" time="0.324" /><testcase classname="tests.test_auth_and_bulk_pdf.TestExistingProtectedEndpoints" name="test_calcola_costi_authed" time="0.052" /><testcase classname="tests.test_auth_and_bulk_pdf.TestBulkPDFExport" name="test_bulk_zip_export_has_valid_pdfs" time="0.685" /><testcase classname="tests.test_auth_and_bulk_pdf.TestRegister" name="test_register_new_user_creates_and_logs_in" time="0.370" /><testcase classname="tests.test_auth_and_bulk_pdf.TestRegister" name="test_register_duplicate_email_returns_400" time="0.138" /><testcase classname="tests.test_auth_and_bulk_pdf.TestBulkPDFExport" name="test_bulk_zip_via_bearer_token" time="0.621" /><testcase classname="tests.test_auth_and_bulk_pdf.TestRegister" name="test_register_missing_email_returns_400" time="0.117" /><testcase classname="tests.test_auth_and_bulk_pdf.TestLogout" name="test_logout_clears_cookie_and_subsequent_request_401" time="0.503" /></testsuite></testsuites>