<?xml version="1.0" encoding="utf-8"?><testsuites name="pytest tests"><testsuite name="pytest" errors="0" failures="0" skipped="0" tests="21" time="1.813" timestamp="2026-07-20T05:17:38.193841+00:00" hostname="agent-env-71557d54-7576-4852-8218-04106137edab"><testcase classname="tests.test_anni_multi_year.TestClientiPerAnno" name="test_clienti_2026" time="0.492" /><testcase classname="tests.test_anni_multi_year.TestApriAnno" name="test_apri_anno_vuoto_2028" time="0.584" /><testcase classname="tests.test_anni_multi_year.TestClientiPerAnno" name="test_clienti_2027" time="0.044" /><testcase classname="tests.test_anni_multi_year.TestClientiPerAnno" name="test_clienti_no_filter_returns_all" time="0.046" /><testcase classname="tests.test_anni_multi_year.TestApriAnno" name="test_apri_anno_duplica_2026_to_2029" time="0.180" /><testcase classname="tests.test_anni_multi_year.TestClientiPerAnno" name="test_stats_2026" time="0.044" /><testcase classname="tests.test_anni_multi_year.TestClientiPerAnno" name="test_stats_2027" time="0.044" /><testcase classname="tests.test_anni_multi_year.TestClientiPerAnno" name="test_posti_barca_2026" time="0.090" /><testcase classname="tests.test_anni_multi_year.TestClientiPerAnno" name="test_posti_barca_2027_independent" time="0.136" /><testcase classname="tests.test_anni_multi_year.TestApriAnno" name="test_apri_anno_idempotent" time="0.047" /><testcase classname="tests.test_anni_multi_year.TestApriAnno" name="test_apri_anno_invalid_year" time="0.084" /><testcase classname="tests.test_anni_multi_year.TestDeleteAnno" name="test_delete_2028_empty" time="0.044" /><testcase classname="tests.test_anni_multi_year.TestClientiPerAnno" name="test_report_incassi_2026" time="0.043" /><testcase classname="tests.test_anni_multi_year.TestDeleteAnno" name="test_delete_2029_with_duplicated_clients" time="0.089" /><testcase classname="tests.test_anni_multi_year.TestClientiPerAnno" name="test_report_incassi_year_isolation" time="0.130" /><testcase classname="tests.test_anni_multi_year.TestDeleteAnno" name="test_delete_does_not_affect_2026" time="0.043" /><testcase classname="tests.test_anni_multi_year.TestAnniList" name="test_get_anni_shape" time="0.044" /><testcase classname="tests.test_anni_multi_year.TestPostoBarcaPerAnno" name="test_same_posto_conflicts_in_same_year" time="0.087" /><testcase classname="tests.test_anni_multi_year.TestAnniList" name="test_get_anni_contains_2026_and_2027" time="0.042" /><testcase classname="tests.test_anni_multi_year.TestPostoBarcaPerAnno" name="test_same_posto_ok_in_different_year" time="0.174" /><testcase classname="tests.test_anni_multi_year.TestPutPreservesAnno" name="test_put_without_anno_keeps_existing" time="0.131" /></testsuite></testsuites>