<?xml version="1.0" encoding="utf-8"?><testsuites name="pytest tests"><testsuite name="pytest" errors="0" failures="0" skipped="0" tests="10" time="1.920" timestamp="2026-07-20T08:08:22.293084+00:00" hostname="agent-env-71557d54-7576-4852-8218-04106137edab"><testcase classname="tests.test_iter10_alpha_and_extra.TestOrdering" name="test_alfabetico_cognome_case_insensitive" time="0.432" /><testcase classname="tests.test_iter10_alpha_and_extra.TestLavorazioniExtraCreate" name="test_create_with_lavorazioni_extra" time="0.087" /><testcase classname="tests.test_iter10_alpha_and_extra.TestLavorazioniExtraCreate" name="test_empty_row_filtered" time="0.046" /><testcase classname="tests.test_iter10_alpha_and_extra.TestLavorazioniExtraCreate" name="test_max_21_returns_400" time="0.042" /><testcase classname="tests.test_iter10_alpha_and_extra.TestPutPreservesLavorazioni" name="test_put_partial_update_preserves_lavorazioni" time="0.119" /><testcase classname="tests.test_iter10_alpha_and_extra.TestPdfPreventivo" name="test_pdf_contains_lavorazioni_extra" time="0.189" /><testcase classname="tests.test_iter10_alpha_and_extra.TestReportPagamenti" name="test_totale_includes_lavorazioni_extra" time="0.091" /><testcase classname="tests.test_iter10_alpha_and_extra.TestReportPagamentiPdf" name="test_pdf_valid" time="0.050" /><testcase classname="tests.test_iter10_alpha_and_extra.TestReportIncassi" name="test_categoria_lavorazioni_extra_present" time="0.086" /><testcase classname="tests.test_iter10_alpha_and_extra.TestStats" name="test_entrate_totali_include_extra" time="0.733" /></testsuite></testsuites>