<?xml version="1.0" encoding="utf-8"?><testsuites name="pytest tests"><testsuite name="pytest" errors="0" failures="0" skipped="0" tests="17" time="1.144" timestamp="2026-07-18T19:02:40.163843+00:00" hostname="agent-env-71557d54-7576-4852-8218-04106137edab"><testcase classname="tests.test_lavori_pdf.TestRegression" name="test_root" time="0.005" /><testcase classname="tests.test_lavori_pdf.TestLavori" name="test_create_lavoro" time="0.089" /><testcase classname="tests.test_lavori_pdf.TestRegression" name="test_stats" time="0.083" /><testcase classname="tests.test_lavori_pdf.TestRegression" name="test_tariffe_get" time="0.044" /><testcase classname="tests.test_lavori_pdf.TestLavori" name="test_create_second_lavoro" time="0.044" /><testcase classname="tests.test_lavori_pdf.TestRegression" name="test_clienti_list" time="0.044" /><testcase classname="tests.test_lavori_pdf.TestLavori" name="test_list_lavori_sorted_desc" time="0.043" /><testcase classname="tests.test_lavori_pdf.TestRegression" name="test_posti_barca" time="0.045" /><testcase classname="tests.test_lavori_pdf.TestLavori" name="test_create_invalid_stato" time="0.042" /><testcase classname="tests.test_lavori_pdf.TestLavori" name="test_create_nonexistent_cliente" time="0.044" /><testcase classname="tests.test_lavori_pdf.TestRegression" name="test_export_csv" time="0.049" /><testcase classname="tests.test_lavori_pdf.TestLavori" name="test_update_lavoro" time="0.107" /><testcase classname="tests.test_lavori_pdf.TestRegression" name="test_export_xlsx" time="0.097" /><testcase classname="tests.test_lavori_pdf.TestLavori" name="test_delete_lavoro" time="0.091" /><testcase classname="tests.test_lavori_pdf.TestPreventivoPdf" name="test_pdf_returns_valid" time="0.093" /><testcase classname="tests.test_lavori_pdf.TestLavori" name="test_delete_nonexistent_lavoro" time="0.174" /><testcase classname="tests.test_lavori_pdf.TestPreventivoPdf" name="test_pdf_404_for_missing_cliente" time="0.131" /></testsuite></testsuites>