<?xml version="1.0" encoding="utf-8"?><testsuites name="pytest tests"><testsuite name="pytest" errors="0" failures="0" skipped="0" tests="14" time="2.240" timestamp="2026-07-18T19:22:22.740503+00:00" hostname="agent-env-71557d54-7576-4852-8218-04106137edab"><testcase classname="tests.test_tariffe_motore.TestTariffeAndMotore" name="test_tariffe_has_all_fields_incl_new" time="0.094" /><testcase classname="tests.test_tariffe_motore.TestTariffeAndMotore" name="test_put_tariffe_updates_new_fields_persist" time="0.132" /><testcase classname="tests.test_tariffe_motore.TestTariffeAndMotore" name="test_calcola_costi_ricambi_dettaglio_9_items" time="0.087" /><testcase classname="tests.test_tariffe_motore.TestTariffeAndMotore" name="test_antivegetativa_disabled_zeroes_cost" time="0.087" /><testcase classname="tests.test_tariffe_motore.TestTariffeAndMotore" name="test_antivegetativa_enabled_computes_cost" time="0.088" /><testcase classname="tests.test_tariffe_motore.TestTariffeAndMotore" name="test_girante_disabled_zeroes_girante_and_drops_total_by_45" time="0.087" /><testcase classname="tests.test_tariffe_motore.TestTariffeAndMotore" name="test_both_toggles_disabled" time="0.087" /><testcase classname="tests.test_tariffe_motore.TestTariffeAndMotore" name="test_create_cliente_with_toggles_off" time="0.174" /><testcase classname="tests.test_tariffe_motore.TestTariffeAndMotore" name="test_update_cliente_toggles_recomputes" time="0.219" /><testcase classname="tests.test_tariffe_motore.TestTariffeAndMotore" name="test_small_boat_forfait_and_low_hp" time="0.087" /><testcase classname="tests.test_tariffe_motore.TestTariffeAndMotore" name="test_big_boat_and_high_hp" time="0.088" /><testcase classname="tests.test_tariffe_motore.TestTariffeAndMotore" name="test_zero_hp_no_manodopera" time="0.093" /><testcase classname="tests.test_tariffe_motore.TestTariffeAndMotore" name="test_pdf_over_3000_bytes_with_new_ricambi_rows" time="0.186" /><testcase classname="tests.test_tariffe_motore.TestTariffeAndMotore" name="test_pdf_with_girante_off_still_valid" time="0.182" /></testsuite></testsuites>