<?xml version="1.0" encoding="utf-8"?><testsuites name="pytest tests"><testsuite name="pytest" errors="0" failures="0" skipped="0" tests="26" time="1.758" timestamp="2026-07-18T19:09:53.503292+00:00" hostname="agent-env-71557d54-7576-4852-8218-04106137edab"><testcase classname="tests.test_tariffe_motore.TestTariffeAndMotore" name="test_tariffe_has_all_new_fields" time="0.052" /><testcase classname="tests.test_lavori_pdf.TestLavori" name="test_create_lavoro" time="0.053" /><testcase classname="tests.test_lavori_pdf.TestLavori" name="test_create_second_lavoro" time="0.044" /><testcase classname="tests.test_tariffe_motore.TestTariffeAndMotore" name="test_put_tariffe_updates_new_fields" time="0.131" /><testcase classname="tests.test_lavori_pdf.TestLavori" name="test_list_lavori_sorted_desc" time="0.043" /><testcase classname="tests.test_lavori_pdf.TestLavori" name="test_create_invalid_stato" time="0.042" /><testcase classname="tests.test_lavori_pdf.TestLavori" name="test_create_nonexistent_cliente" time="0.044" /><testcase classname="tests.test_tariffe_motore.TestTariffeAndMotore" name="test_small_boat_forfait_and_low_hp" time="0.089" /><testcase classname="tests.test_lavori_pdf.TestLavori" name="test_update_lavoro" time="0.087" /><testcase classname="tests.test_lavori_pdf.TestLavori" name="test_delete_lavoro" time="0.086" /><testcase classname="tests.test_tariffe_motore.TestTariffeAndMotore" name="test_big_boat_per_meter_and_high_hp" time="0.088" /><testcase classname="tests.test_lavori_pdf.TestLavori" name="test_delete_nonexistent_lavoro" time="0.044" /><testcase classname="tests.test_tariffe_motore.TestTariffeAndMotore" name="test_mid_range_hp_40_150" time="0.086" /><testcase classname="tests.test_lavori_pdf.TestRegression" name="test_root" time="0.042" /><testcase classname="tests.test_lavori_pdf.TestRegression" name="test_stats" time="0.044" /><testcase classname="tests.test_tariffe_motore.TestTariffeAndMotore" name="test_zero_hp_no_manodopera" time="0.087" /><testcase classname="tests.test_lavori_pdf.TestRegression" name="test_tariffe_get" time="0.043" /><testcase classname="tests.test_lavori_pdf.TestRegression" name="test_clienti_list" time="0.043" /><testcase classname="tests.test_tariffe_motore.TestTariffeAndMotore" name="test_create_cliente_with_motor_computes_correctly" time="0.174" /><testcase classname="tests.test_lavori_pdf.TestRegression" name="test_posti_barca" time="0.046" /><testcase classname="tests.test_lavori_pdf.TestRegression" name="test_export_csv" time="0.049" /><testcase classname="tests.test_lavori_pdf.TestRegression" name="test_export_xlsx" time="0.096" /><testcase classname="tests.test_tariffe_motore.TestTariffeAndMotore" name="test_create_cliente_small_boat_forfait" time="0.158" /><testcase classname="tests.test_lavori_pdf.TestPreventivoPdf" name="test_pdf_returns_valid" time="0.052" /><testcase classname="tests.test_lavori_pdf.TestPreventivoPdf" name="test_pdf_404_for_missing_cliente" time="0.174" /><testcase classname="tests.test_tariffe_motore.TestTariffeAndMotore" name="test_pdf_over_3000_bytes_with_motor" time="0.310" /></testsuite></testsuites>